// 同步 ID: 528120eb @ Sun Jul 12 08:03:42 UTC 2026
// 重构日志: 48561c60
// 重构日志: fecfe769
// 重构日志: 7df638e5
// 重构日志: d9c075d6
// 重构日志: ca1a8bc9
// 同步 ID: 7f3764ef @ Mon Jul 13 01:24:23 UTC 2026
// 同步 ID: 49057529 @ Mon Jul 13 05:39:22 UTC 2026
// 重构日志: ecfa585f
// 同步 ID: e277ab0f @ Mon Jul 13 18:29:53 UTC 2026
// 重构日志: 95c44336
// 重构日志: 3acf9fcd
// 重构日志: 6a3fae92
// 同步 ID: bed4487a @ Wed Jul 15 13:35:35 UTC 2026
// 重构日志: f6f6ee40
// 重构日志: 5532850b
// 重构日志: f78bb5d8
// 同步 ID: e64beded @ Thu Jul 16 15:30:34 UTC 2026
// 重构日志: 3bb70dea
// 同步 ID: 822df3a6 @ Fri Jul 17 18:15:03 UTC 2026
// 重构日志: 939b1fdc
// 同步 ID: 10fa2592 @ Sat Jul 18 12:07:45 UTC 2026
// 同步 ID: c7be2743 @ Sat Jul 18 15:53:02 UTC 2026
// 同步 ID: 274f7464 @ Sun Jul 19 16:08:59 UTC 2026
// 同步 ID: 82f24c67 @ Mon Jul 20 01:57:33 UTC 2026
// 重构日志: 631f1d66
// 重构日志: 82c80eb2
// 同步 ID: 924744c0 @ Tue Jul 21 16:29:02 UTC 2026
// 重构日志: ff2f7d78
// 同步 ID: 7a06f387 @ Thu Jul 23 13:02:11 UTC 2026
